time index;Blockage Counter;Overtravel Counter;Internal Error Counter;Over Voltage Counter;Under Voltage Counter;Over Temperature Counter;Cycle Count;CPDMRptdMvmt
1765443486731;0;0;0;0;0;0;0;0
1765443487091;0;0;0;0;0;0;0;0
1765443493659;0;0;0;0;0;0;0;1
1765443494671;0;0;0;0;0;0;3;1
1765443495191;0;0;0;0;0;0;3;0
1765443500231;0;0;0;0;0;0;3;1
1765443500591;0;0;0;0;0;0;3;0
1765443507160;0;0;0;0;0;0;3;1
1765443508151;0;0;0;0;0;0;4;1
1765443508691;0;0;0;0;0;0;4;0
1765443513731;0;0;0;0;0;0;4;1
1765443514091;0;0;0;0;0;0;4;0
1765443520660;0;0;0;0;0;0;4;1
1765443521671;0;0;0;0;0;0;5;1
1765443522191;0;0;0;0;0;0;5;0
1765443527231;0;0;0;0;0;0;5;1
1765443527591;0;0;0;0;0;0;5;0
1765443534161;0;0;0;0;0;0;5;1
1765443535191;0;0;0;0;0;0;6;1
1765443535691;0;0;0;0;0;0;6;0
1765443540731;0;0;0;0;0;0;6;1
1765443541091;0;0;0;0;0;0;6;0
1765443547661;0;0;0;0;0;0;6;1
1765443548671;0;0;0;0;0;0;7;1
1765443549191;0;0;0;0;0;0;7;0
1765443554231;0;0;0;0;0;0;7;1
1765443554591;0;0;0;0;0;0;7;0
1765443561162;0;0;0;0;0;0;7;1
1765443562171;0;0;0;0;0;0;8;1
1765443562711;0;0;0;0;0;0;8;0
1765443567751;0;0;0;0;0;0;8;1
1765443568111;0;0;0;0;0;0;8;0
1765443574662;0;0;0;0;0;0;8;1
1765443575691;0;0;0;0;0;0;9;1
1765443576211;0;0;0;0;0;0;9;0
1765443581251;0;0;0;0;0;0;9;1
1765443581611;0;0;0;0;0;0;9;0
1765443588162;0;0;0;0;0;0;9;1
1765443589191;0;0;0;0;0;0;10;1
1765443589711;0;0;0;0;0;0;10;0
1765443594751;0;0;0;0;0;0;10;1
1765443595111;0;0;0;0;0;0;10;0
1765443601663;0;0;0;0;0;0;10;1
1765443602671;0;0;0;0;0;0;11;1
1765443603211;0;0;0;0;0;0;11;0
1765443608251;0;0;0;0;0;0;11;1
1765443608611;0;0;0;0;0;0;11;0
1765443615163;0;0;0;0;0;0;11;1
1765443616191;0;0;0;0;0;0;12;1
1765443616711;0;0;0;0;0;0;12;0
1765443621751;0;0;0;0;0;0;12;1
1765443622111;0;0;0;0;0;0;12;0
1765443628664;0;0;0;0;0;0;12;1
1765443629691;0;0;0;0;0;0;13;1
1765443630211;0;0;0;0;0;0;13;0
1765443635251;0;0;0;0;0;0;13;1
1765443635611;0;0;0;0;0;0;13;0
1765443642164;0;0;0;0;0;0;13;1
1765443643151;0;0;0;0;0;0;14;1
1765443643711;0;0;0;0;0;0;14;0
1765443648751;0;0;0;0;0;0;14;1
1765443649111;0;0;0;0;0;0;14;0
1765443655665;0;0;0;0;0;0;14;1
1765443656631;0;0;0;0;0;0;15;1
1765443657211;0;0;0;0;0;0;15;0
1765443662251;0;0;0;0;0;0;15;1
1765443662611;0;0;0;0;0;0;15;0
1765443669165;0;0;0;0;0;0;15;1
1765443670151;0;0;0;0;0;0;16;1
1765443670711;0;0;0;0;0;0;16;0
1765443675751;0;0;0;0;0;0;16;1
1765443676131;0;0;0;0;0;0;16;0
1765443682666;0;0;0;0;0;0;16;1
1765443683671;0;0;0;0;0;0;17;1
1765443684211;0;0;0;0;0;0;17;0
1765443689251;0;0;0;0;0;0;17;1
1765443689611;0;0;0;0;0;0;17;0
1765443696166;0;0;0;0;0;0;17;1
1765443697171;0;0;0;0;0;0;18;1
1765443697711;0;0;0;0;0;0;18;0
1765443702751;0;0;0;0;0;0;18;1
1765443703131;0;0;0;0;0;0;18;0
1765443709667;0;0;0;0;0;0;18;1
1765443710671;0;0;0;0;0;0;19;1
1765443711211;0;0;0;0;0;0;19;0
1765443716251;0;0;0;0;0;0;19;1
1765443716631;0;0;0;0;0;0;19;0
1765443723167;0;0;0;0;0;0;19;1
1765443724171;0;0;0;0;0;0;20;1
1765443724711;0;0;0;0;0;0;20;0
1765443729751;0;0;0;0;0;0;20;1
1765443730111;0;0;0;0;0;0;20;0
1765443736668;0;0;0;0;0;0;20;1
1765443737711;0;0;0;0;0;0;21;1
1765443738211;0;0;0;0;0;0;21;0
1765443743251;0;0;0;0;0;0;21;1
1765443743611;0;0;0;0;0;0;21;0
1765443750168;0;0;0;0;0;0;21;1
1765443751151;0;0;0;0;0;0;22;1
1765443751711;0;0;0;0;0;0;22;0
1765443756751;0;0;0;0;0;0;22;1
1765443757111;0;0;0;0;0;0;22;0
1765443763669;0;0;0;0;0;0;22;1
1765443764651;0;0;0;0;0;0;23;1
1765443765211;0;0;0;0;0;0;23;0
1765443770251;0;0;0;0;0;0;23;1
1765443770611;0;0;0;0;0;0;23;0
1765443777169;0;0;0;0;0;0;23;1
1765443778151;0;0;0;0;0;0;24;1
1765443778711;0;0;0;0;0;0;24;0
1765443783751;0;0;0;0;0;0;24;1
1765443784131;0;0;0;0;0;0;24;0
1765443790670;0;0;0;0;0;0;24;1
1765443791671;0;0;0;0;0;0;25;1
1765443792211;0;0;0;0;0;0;25;0
1765443797251;0;0;0;0;0;0;25;1
1765443797611;0;0;0;0;0;0;25;0
1765443804170;0;0;0;0;0;0;25;1
1765443805211;0;0;0;0;0;0;26;1
1765443805711;0;0;0;0;0;0;26;0
1765443810751;0;0;0;0;0;0;26;1
1765443811111;0;0;0;0;0;0;26;0
1765443817671;0;0;0;0;0;0;26;1
1765443818651;0;0;0;0;0;0;27;1
1765443819211;0;0;0;0;0;0;27;0
1765443824251;0;0;0;0;0;0;27;1
1765443824611;0;0;0;0;0;0;27;0
1765443831171;0;0;0;0;0;0;27;1
1765443832151;0;0;0;0;0;0;28;1
1765443832711;0;0;0;0;0;0;28;0
1765443837751;0;0;0;0;0;0;28;1
1765443838111;0;0;0;0;0;0;28;0
1765443844672;0;0;0;0;0;0;28;1
1765443845671;0;0;0;0;0;0;29;1
1765443846211;0;0;0;0;0;0;29;0
1765443851251;0;0;0;0;0;0;29;1
1765443851611;0;0;0;0;0;0;29;0
1765443858172;0;0;0;0;0;0;29;1
1765443859151;0;0;0;0;0;0;30;1
1765443859711;0;0;0;0;0;0;30;0
1765443864751;0;0;0;0;0;0;30;1
1765443865111;0;0;0;0;0;0;30;0
1765443871673;0;0;0;0;0;0;30;1
1765443872671;0;0;0;0;0;0;31;1
1765443873211;0;0;0;0;0;0;31;0
1765443878251;0;0;0;0;0;0;31;1
1765443878611;0;0;0;0;0;0;31;0
1765443885173;0;0;0;0;0;0;31;1
1765443886171;0;0;0;0;0;0;32;1
1765443886711;0;0;0;0;0;0;32;0
1765443891751;0;0;0;0;0;0;32;1
1765443892111;0;0;0;0;0;0;32;0
1765443898674;0;0;0;0;0;0;32;1
1765443899691;0;0;0;0;0;0;33;1
1765443900211;0;0;0;0;0;0;33;0
1765443905251;0;0;0;0;0;0;33;1
1765443905611;0;0;0;0;0;0;33;0
1765443912174;0;0;0;0;0;0;33;1
1765443913171;0;0;0;0;0;0;34;1
1765443913711;0;0;0;0;0;0;34;0
1765443918751;0;0;0;0;0;0;34;1
1765443919111;0;0;0;0;0;0;34;0
1765443925675;0;0;0;0;0;0;34;1
1765443926691;0;0;0;0;0;0;35;1
1765443927211;0;0;0;0;0;0;35;0
1765443932251;0;0;0;0;0;0;35;1
1765443932611;0;0;0;0;0;0;35;0
1765443939175;0;0;0;0;0;0;35;1
1765443940171;0;0;0;0;0;0;36;1
1765443940711;0;0;0;0;0;0;36;0
1765443945751;0;0;0;0;0;0;36;1
1765443946111;0;0;0;0;0;0;36;0
1765443952676;0;0;0;0;0;0;36;1
1765443953691;0;0;0;0;0;0;37;1
1765443954211;0;0;0;0;0;0;37;0
1765443959251;0;0;0;0;0;0;37;1
1765443959611;0;0;0;0;0;0;37;0
1765443966176;0;0;0;0;0;0;37;1
1765443967171;0;0;0;0;0;0;38;1
1765443967711;0;0;0;0;0;0;38;0
1765443972751;0;0;0;0;0;0;38;1
1765443973111;0;0;0;0;0;0;38;0
1765443979677;0;0;0;0;0;0;38;1
1765443980691;0;0;0;0;0;0;39;1
1765443981211;0;0;0;0;0;0;39;0
1765443986251;0;0;0;0;0;0;39;1
1765443986631;0;0;0;0;0;0;39;0
1765443993177;0;0;0;0;0;0;39;1
1765443994191;0;0;0;0;0;0;40;1
1765443994711;0;0;0;0;0;0;40;0
1765443999751;0;0;0;0;0;0;40;1
1765444000111;0;0;0;0;0;0;40;0
1765444006678;0;0;0;0;0;0;40;1
1765444007691;0;0;0;0;0;0;41;1
1765444008211;0;0;0;0;0;0;41;0
1765444013251;0;0;0;0;0;0;41;1
1765444013611;0;0;0;0;0;0;41;0
1765444020178;0;0;0;0;0;0;41;1
1765444021251;0;0;0;0;0;0;42;1
1765444021711;0;0;0;0;0;0;42;0
1765444026751;0;0;0;0;0;0;42;1
1765444027111;0;0;0;0;0;0;42;0
1765444033679;0;0;0;0;0;0;42;1
1765444034691;0;0;0;0;0;0;43;1
1765444035211;0;0;0;0;0;0;43;0
1765444040251;0;0;0;0;0;0;43;1
1765444040611;0;0;0;0;0;0;43;0
1765444047179;0;0;0;0;0;0;43;1
1765444048191;0;0;0;0;0;0;44;1
1765444048711;0;0;0;0;0;0;44;0
1765444053751;0;0;0;0;0;0;44;1
1765444054111;0;0;0;0;0;0;44;0
1765444060679;0;0;0;0;0;0;44;1
1765444061711;0;0;0;0;0;0;45;1
1765444062211;0;0;0;0;0;0;45;0
1765444067251;0;0;0;0;0;0;45;1
1765444067611;0;0;0;0;0;0;45;0
1765444074180;0;0;0;0;0;0;45;1
1765444075171;0;0;0;0;0;0;46;1
1765444075711;0;0;0;0;0;0;46;0
1765444080751;0;0;0;0;0;0;46;1
1765444081111;0;0;0;0;0;0;46;0
1765444087680;0;0;0;0;0;0;46;1
1765444088711;0;0;0;0;0;0;47;1
1765444089211;0;0;0;0;0;0;47;0
1765444094251;0;0;0;0;0;0;47;1
1765444094611;0;0;0;0;0;0;47;0
1765444101181;0;0;0;0;0;0;47;1
1765444102191;0;0;0;0;0;0;48;1
1765444102711;0;0;0;0;0;0;48;0
1765444107751;0;0;0;0;0;0;48;1
1765444108111;0;0;0;0;0;0;48;0
1765444114681;0;0;0;0;0;0;48;1
1765444115691;0;0;0;0;0;0;49;1
1765444116231;0;0;0;0;0;0;49;0
1765444121271;0;0;0;0;0;0;49;1
1765444121651;0;0;0;0;0;0;49;0
1765444128182;0;0;0;0;0;0;49;1
1765444129211;0;0;0;0;0;0;50;1
1765444129731;0;0;0;0;0;0;50;0
1765444134771;0;0;0;0;0;0;50;1
1765444135131;0;0;0;0;0;0;50;0
1765444141682;0;0;0;0;0;0;50;1
1765444142691;0;0;0;0;0;0;51;1
1765444143231;0;0;0;0;0;0;51;0
1765444148271;0;0;0;0;0;0;51;1
1765444148631;0;0;0;0;0;0;51;0
1765444155183;0;0;0;0;0;0;51;1
1765444156191;0;0;0;0;0;0;52;1
1765444156731;0;0;0;0;0;0;52;0
1765444161771;0;0;0;0;0;0;52;1
1765444162131;0;0;0;0;0;0;52;0
1765444168683;0;0;0;0;0;0;52;1
1765444169731;0;0;0;0;0;0;53;1
1765444170231;0;0;0;0;0;0;53;0
1765444175271;0;0;0;0;0;0;53;1
1765444175631;0;0;0;0;0;0;53;0
1765444182184;0;0;0;0;0;0;53;1
1765444183231;0;0;0;0;0;0;54;1
1765444183731;0;0;0;0;0;0;54;0
1765444188771;0;0;0;0;0;0;54;1
1765444189131;0;0;0;0;0;0;54;0
1765444195684;0;0;0;0;0;0;54;1
1765444196731;0;0;0;0;0;0;55;1
1765444197231;0;0;0;0;0;0;55;0
1765444202271;0;0;0;0;0;0;55;1
1765444202651;0;0;0;0;0;0;55;0
1765444209185;0;0;0;0;0;0;55;1
1765444210251;0;0;0;0;0;0;56;1
1765444210731;0;0;0;0;0;0;56;0
1765444215771;0;0;0;0;0;0;56;1
1765444216131;0;0;0;0;0;0;56;0
1765444222685;0;0;0;0;0;0;56;1
1765444223711;0;0;0;0;0;0;57;1
1765444224231;0;0;0;0;0;0;57;0
1765444229271;0;0;0;0;0;0;57;1
1765444229631;0;0;0;0;0;0;57;0
1765444236186;0;0;0;0;0;0;57;1
1765444237191;0;0;0;0;0;0;58;1
1765444237731;0;0;0;0;0;0;58;0
1765444242771;0;0;0;0;0;0;58;1
1765444243131;0;0;0;0;0;0;58;0
1765444249686;0;0;0;0;0;0;58;1
1765444250711;0;0;0;0;0;0;59;1
1765444251231;0;0;0;0;0;0;59;0
1765444256271;0;0;0;0;0;0;59;1
1765444256631;0;0;0;0;0;0;59;0
1765444263187;0;0;0;0;0;0;59;1
1765444264211;0;0;0;0;0;0;60;1
1765444264731;0;0;0;0;0;0;60;0
1765444269771;0;0;0;0;0;0;60;1
1765444270131;0;0;0;0;0;0;60;0
1765444276687;0;0;0;0;0;0;60;1
1765444277691;0;0;0;0;0;0;61;1
1765444278231;0;0;0;0;0;0;61;0
1765444283271;0;0;0;0;0;0;61;1
1765444283631;0;0;0;0;0;0;61;0
1765444290188;0;0;0;0;0;0;61;1
1765444291231;0;0;0;0;0;0;62;1
1765444291731;0;0;0;0;0;0;62;0
1765444296771;0;0;0;0;0;0;62;1
1765444297131;0;0;0;0;0;0;62;0
1765444303688;0;0;0;0;0;0;62;1
1765444304711;0;0;0;0;0;0;63;1
1765444305231;0;0;0;0;0;0;63;0
1765444310271;0;0;0;0;0;0;63;1
1765444310651;0;0;0;0;0;0;63;0
1765444317189;0;0;0;0;0;0;63;1
1765444318211;0;0;0;0;0;0;64;1
1765444318731;0;0;0;0;0;0;64;0
1765444323771;0;0;0;0;0;0;64;1
1765444324131;0;0;0;0;0;0;64;0
1765444330689;0;0;0;0;0;0;64;1
1765444331711;0;0;0;0;0;0;65;1
1765444332231;0;0;0;0;0;0;65;0
1765444337271;0;0;0;0;0;0;65;1
1765444337631;0;0;0;0;0;0;65;0
1765444344190;0;0;0;0;0;0;65;1
1765444345211;0;0;0;0;0;0;66;1
1765444345731;0;0;0;0;0;0;66;0
1765444350771;0;0;0;0;0;0;66;1
1765444351131;0;0;0;0;0;0;66;0
1765444357690;0;0;0;0;0;0;66;1
1765444358731;0;0;0;0;0;0;67;1
1765444359231;0;0;0;0;0;0;67;0
1765444364271;0;0;0;0;0;0;67;1
1765444364631;0;0;0;0;0;0;67;0
1765444371191;0;0;0;0;0;0;67;1
1765444372211;0;0;0;0;0;0;68;1
1765444372731;0;0;0;0;0;0;68;0
1765444377771;0;0;0;0;0;0;68;1
1765444378131;0;0;0;0;0;0;68;0
1765444384691;0;0;0;0;0;0;68;1
1765444385711;0;0;0;0;0;0;69;1
1765444386231;0;0;0;0;0;0;69;0
1765444391271;0;0;0;0;0;0;69;1
1765444391631;0;0;0;0;0;0;69;0
1765444398192;0;0;0;0;0;0;69;1
1765444399211;0;0;0;0;0;0;70;1
1765444399731;0;0;0;0;0;0;70;0
1765444404771;0;0;0;0;0;0;70;1
1765444405131;0;0;0;0;0;0;70;0
1765444411692;0;0;0;0;0;0;70;1
1765444412711;0;0;0;0;0;0;71;1
1765444413231;0;0;0;0;0;0;71;0
1765444418271;0;0;0;0;0;0;71;1
1765444418631;0;0;0;0;0;0;71;0
1765444425193;0;0;0;0;0;0;71;1
1765444426211;0;0;0;0;0;0;72;1
1765444426731;0;0;0;0;0;0;72;0
1765444431771;0;0;0;0;0;0;72;1
1765444432131;0;0;0;0;0;0;72;0
1765444438693;0;0;0;0;0;0;72;1
1765444439711;0;0;0;0;0;0;73;1
1765444440231;0;0;0;0;0;0;73;0
1765444445271;0;0;0;0;0;0;73;1
1765444445631;0;0;0;0;0;0;73;0
1765444452194;0;0;0;0;0;0;73;1
1765444453231;0;0;0;0;0;0;74;1
1765444453731;0;0;0;0;0;0;74;0
1765444458771;0;0;0;0;0;0;74;1
1765444459151;0;0;0;0;0;0;74;0
1765444465694;0;0;0;0;0;0;74;1
1765444466731;0;0;0;0;0;0;75;1
1765444467231;0;0;0;0;0;0;75;0
1765444472271;0;0;0;0;0;0;75;1
1765444472631;0;0;0;0;0;0;75;0
1765444479195;0;0;0;0;0;0;75;1
1765444480211;0;0;0;0;0;0;76;1
1765444480731;0;0;0;0;0;0;76;0
1765444485771;0;0;0;0;0;0;76;1
1765444486131;0;0;0;0;0;0;76;0
1765444492695;0;0;0;0;0;0;76;1
1765444493711;0;0;0;0;0;0;77;1
1765444494231;0;0;0;0;0;0;77;0
1765444499271;0;0;0;0;0;0;77;1
1765444499631;0;0;0;0;0;0;77;0
1765444506196;0;0;0;0;0;0;77;1
1765444507231;0;0;0;0;0;0;78;1
1765444507731;0;0;0;0;0;0;78;0
1765444512771;0;0;0;0;0;0;78;1
1765444513131;0;0;0;0;0;0;78;0
1765444519696;0;0;0;0;0;0;78;1
1765444520711;0;0;0;0;0;0;79;1
1765444521231;0;0;0;0;0;0;79;0
1765444526271;0;0;0;0;0;0;79;1
1765444526651;0;0;0;0;0;0;79;0
1765444533197;0;0;0;0;0;0;79;1
1765444534231;0;0;0;0;0;0;80;1
1765444534731;0;0;0;0;0;0;80;0
1765444539771;0;0;0;0;0;0;80;1
1765444540131;0;0;0;0;0;0;80;0
1765444546697;0;0;0;0;0;0;80;1
1765444547751;0;0;0;0;0;0;81;1
1765444548231;0;0;0;0;0;0;81;0
1765444553271;0;0;0;0;0;0;81;1
1765444553631;0;0;0;0;0;0;81;0
1765444560198;0;0;0;0;0;0;81;1
1765444561231;0;0;0;0;0;0;82;1
1765444561731;0;0;0;0;0;0;82;0
1765444566771;0;0;0;0;0;0;82;1
1765444567151;0;0;0;0;0;0;82;0
1765444573698;0;0;0;0;0;0;82;1
1765444574731;0;0;0;0;0;0;83;1
1765444575231;0;0;0;0;0;0;83;0
1765444580271;0;0;0;0;0;0;83;1
1765444580631;0;0;0;0;0;0;83;0
1765444587199;0;0;0;0;0;0;83;1
1765444588211;0;0;0;0;0;0;84;1
1765444588731;0;0;0;0;0;0;84;0
1765444593771;0;0;0;0;0;0;84;1
1765444594151;0;0;0;0;0;0;84;0
1765444600699;0;0;0;0;0;0;84;1
1765444601751;0;0;0;0;0;0;85;1
1765444602231;0;0;0;0;0;0;85;0
1765444607271;0;0;0;0;0;0;85;1
1765444607631;0;0;0;0;0;0;85;0
1765444614200;0;0;0;0;0;0;85;1
1765444615251;0;0;0;0;0;0;86;1
1765444615731;0;0;0;0;0;0;86;0
1765444620771;0;0;0;0;0;0;86;1
1765444621131;0;0;0;0;0;0;86;0
1765444627700;0;0;0;0;0;0;86;1
1765444628731;0;0;0;0;0;0;87;1
1765444629231;0;0;0;0;0;0;87;0
1765444634271;0;0;0;0;0;0;87;1
1765444634631;0;0;0;0;0;0;87;0
1765444641200;0;0;0;0;0;0;87;1
1765444642231;0;0;0;0;0;0;88;1
1765444642731;0;0;0;0;0;0;88;0
1765444647771;0;0;0;0;0;0;88;1
1765444648131;0;0;0;0;0;0;88;0
1765444654701;0;0;0;0;0;0;88;1
1765444655711;0;0;0;0;0;0;89;1
1765444656231;0;0;0;0;0;0;89;0
1765444661271;0;0;0;0;0;0;89;1
1765444661631;0;0;0;0;0;0;89;0
1765444668201;0;0;0;0;0;0;89;1
1765444669231;0;0;0;0;0;0;90;1
1765444669751;0;0;0;0;0;0;90;0
1765444674791;0;0;0;0;0;0;90;1
1765444675151;0;0;0;0;0;0;90;0
1765444681702;0;0;0;0;0;0;90;1
1765444682751;0;0;0;0;0;0;91;1
1765444683251;0;0;0;0;0;0;91;0
1765444688291;0;0;0;0;0;0;91;1
1765444688651;0;0;0;0;0;0;91;0
1765444695202;0;0;0;0;0;0;91;1
1765444696231;0;0;0;0;0;0;92;1
1765444696751;0;0;0;0;0;0;92;0
1765444701791;0;0;0;0;0;0;92;1
1765444702171;0;0;0;0;0;0;92;0
1765444708703;0;0;0;0;0;0;92;1
1765444709751;0;0;0;0;0;0;93;1
1765444710251;0;0;0;0;0;0;93;0
1765444715291;0;0;0;0;0;0;93;1
1765444715651;0;0;0;0;0;0;93;0
1765444722203;0;0;0;0;0;0;93;1
1765444723231;0;0;0;0;0;0;94;1
1765444723751;0;0;0;0;0;0;94;0
1765444728791;0;0;0;0;0;0;94;1
1765444729151;0;0;0;0;0;0;94;0
1765444735704;0;0;0;0;0;0;94;1
1765444736831;0;0;0;0;0;0;95;1
1765444737251;0;0;0;0;0;0;95;0
1765444742291;0;0;0;0;0;0;95;1
1765444742651;0;0;0;0;0;0;95;0
1765444749204;0;0;0;0;0;0;95;1
1765444750271;0;0;0;0;0;0;96;1
1765444750751;0;0;0;0;0;0;96;0
1765444755791;0;0;0;0;0;0;96;1
1765444756151;0;0;0;0;0;0;96;0
1765444762705;0;0;0;0;0;0;96;1
1765444763751;0;0;0;0;0;0;97;1
1765444764251;0;0;0;0;0;0;97;0
1765444769291;0;0;0;0;0;0;97;1
1765444769651;0;0;0;0;0;0;97;0
1765444776205;0;0;0;0;0;0;97;1
1765444777271;0;0;0;0;0;0;98;1
1765444777751;0;0;0;0;0;0;98;0
1765444782791;0;0;0;0;0;0;98;1
1765444783151;0;0;0;0;0;0;98;0
1765444789706;0;0;0;0;0;0;98;1
1765444790751;0;0;0;0;0;0;99;1
1765444791251;0;0;0;0;0;0;99;0
1765444796291;0;0;0;0;0;0;99;1
1765444796651;0;0;0;0;0;0;99;0
1765444803206;0;0;0;0;0;0;99;1
1765444804251;0;0;0;0;0;0;100;1
1765444804751;0;0;0;0;0;0;100;0
1765444809791;0;0;0;0;0;0;100;1
1765444810151;0;0;0;0;0;0;100;0
1765444816707;0;0;0;0;0;0;100;1
1765444817771;0;0;0;0;0;0;101;1
1765444818251;0;0;0;0;0;0;101;0
1765444823291;0;0;0;0;0;0;101;1
1765444823671;0;0;0;0;0;0;101;0
1765444830207;0;0;0;0;0;0;101;1
1765444831291;0;0;0;0;0;0;102;1
1765444831751;0;0;0;0;0;0;102;0
1765444836791;0;0;0;0;0;0;102;1
1765444837151;0;0;0;0;0;0;102;0
1765444843708;0;0;0;0;0;0;102;1
1765444844791;0;0;0;0;0;0;103;1
1765444845251;0;0;0;0;0;0;103;0
1765444850291;0;0;0;0;0;0;103;1
1765444850651;0;0;0;0;0;0;103;0
1765444857208;0;0;0;0;0;0;103;1
1765444858271;0;0;0;0;0;0;104;1
1765444858751;0;0;0;0;0;0;104;0
1765444863791;0;0;0;0;0;0;104;1
1765444864151;0;0;0;0;0;0;104;0
1765444870709;0;0;0;0;0;0;104;1
1765444871751;0;0;0;0;0;0;105;1
1765444872251;0;0;0;0;0;0;105;0
1765444877291;0;0;0;0;0;0;105;1
1765444877651;0;0;0;0;0;0;105;0
1765444884209;0;0;0;0;0;0;105;1
1765444885271;0;0;0;0;0;0;106;1
1765444885751;0;0;0;0;0;0;106;0
1765444890791;0;0;0;0;0;0;106;1
1765444891151;0;0;0;0;0;0;106;0
1765444897710;0;0;0;0;0;0;106;1
1765444898751;0;0;0;0;0;0;107;1
1765444899251;0;0;0;0;0;0;107;0
1765444904291;0;0;0;0;0;0;107;1
1765444904651;0;0;0;0;0;0;107;0
1765444911210;0;0;0;0;0;0;107;1
1765444912291;0;0;0;0;0;0;108;1
1765444912751;0;0;0;0;0;0;108;0
1765444917791;0;0;0;0;0;0;108;1
1765444918151;0;0;0;0;0;0;108;0
1765444924711;0;0;0;0;0;0;108;1
1765444925791;0;0;0;0;0;0;109;1
1765444926251;0;0;0;0;0;0;109;0
1765444931291;0;0;0;0;0;0;109;1
1765444931651;0;0;0;0;0;0;109;0
1765444938211;0;0;0;0;0;0;109;1
1765444939251;0;0;0;0;0;0;110;1
1765444939751;0;0;0;0;0;0;110;0
1765444944791;0;0;0;0;0;0;110;1
1765444945151;0;0;0;0;0;0;110;0
1765444951712;0;0;0;0;0;0;110;1
1765444952771;0;0;0;0;0;0;111;1
1765444953251;0;0;0;0;0;0;111;0
1765444958291;0;0;0;0;0;0;111;1
1765444958671;0;0;0;0;0;0;111;0
1765444965212;0;0;0;0;0;0;111;1
1765444966291;0;0;0;0;0;0;112;1
1765444966751;0;0;0;0;0;0;112;0
1765444971791;0;0;0;0;0;0;112;1
1765444972151;0;0;0;0;0;0;112;0
1765444978713;0;0;0;0;0;0;112;1
1765444979791;0;0;0;0;0;0;113;1
1765444980251;0;0;0;0;0;0;113;0
1765444985291;0;0;0;0;0;0;113;1
1765444985651;0;0;0;0;0;0;113;0
1765444992213;0;0;0;0;0;0;113;1
1765444993251;0;0;0;0;0;0;114;1
1765444993751;0;0;0;0;0;0;114;0
1765444998791;0;0;0;0;0;0;114;1
1765444999151;0;0;0;0;0;0;114;0
1765445005714;0;0;0;0;0;0;114;1
1765445006751;0;0;0;0;0;0;115;1
1765445007251;0;0;0;0;0;0;115;0
1765445012291;0;0;0;0;0;0;115;1
1765445012651;0;0;0;0;0;0;115;0
1765445019214;0;0;0;0;0;0;115;1
1765445020271;0;0;0;0;0;0;116;1
1765445020751;0;0;0;0;0;0;116;0
1765445025791;0;0;0;0;0;0;116;1
1765445026151;0;0;0;0;0;0;116;0
1765445032715;0;0;0;0;0;0;116;1
1765445033751;0;0;0;0;0;0;117;1
1765445034251;0;0;0;0;0;0;117;0
1765445039291;0;0;0;0;0;0;117;1
1765445039651;0;0;0;0;0;0;117;0
1765445046215;0;0;0;0;0;0;117;1
1765445047271;0;0;0;0;0;0;118;1
1765445047751;0;0;0;0;0;0;118;0
1765445052791;0;0;0;0;0;0;118;1
1765445053151;0;0;0;0;0;0;118;0
1765445059716;0;0;0;0;0;0;118;1
1765445060771;0;0;0;0;0;0;119;1
1765445061251;0;0;0;0;0;0;119;0
1765445066291;0;0;0;0;0;0;119;1
1765445066651;0;0;0;0;0;0;119;0
1765445073216;0;0;0;0;0;0;119;1
1765445074271;0;0;0;0;0;0;120;1
1765445074751;0;0;0;0;0;0;120;0
1765445079791;0;0;0;0;0;0;120;1
1765445080151;0;0;0;0;0;0;120;0
1765445086716;0;0;0;0;0;0;120;1
1765445087751;0;0;0;0;0;0;121;1
1765445088251;0;0;0;0;0;0;121;0
1765445093291;0;0;0;0;0;0;121;1
1765445093651;0;0;0;0;0;0;121;0
1765445100217;0;0;0;0;0;0;121;1
1765445101271;0;0;0;0;0;0;122;1
1765445101751;0;0;0;0;0;0;122;0
1765445106791;0;0;0;0;0;0;122;1
1765445107151;0;0;0;0;0;0;122;0
1765445113717;0;0;0;0;0;0;122;1
1765445114771;0;0;0;0;0;0;123;1
1765445115251;0;0;0;0;0;0;123;0
1765445120291;0;0;0;0;0;0;123;1
1765445120651;0;0;0;0;0;0;123;0
1765445127218;0;0;0;0;0;0;123;1
1765445128251;0;0;0;0;0;0;124;1
1765445128751;0;0;0;0;0;0;124;0
1765445133791;0;0;0;0;0;0;124;1
1765445134151;0;0;0;0;0;0;124;0
1765445140718;0;0;0;0;0;0;124;1
1765445141771;0;0;0;0;0;0;125;1
1765445142251;0;0;0;0;0;0;125;0
1765445147291;0;0;0;0;0;0;125;1
1765445147671;0;0;0;0;0;0;125;0
1765445154219;0;0;0;0;0;0;125;1
1765445155271;0;0;0;0;0;0;126;1
1765445155751;0;0;0;0;0;0;126;0
1765445160791;0;0;0;0;0;0;126;1
1765445161151;0;0;0;0;0;0;126;0
1765445167719;0;0;0;0;0;0;126;1
1765445168771;0;0;0;0;0;0;127;1
1765445169251;0;0;0;0;0;0;127;0
1765445174291;0;0;0;0;0;0;127;1
1765445174651;0;0;0;0;0;0;127;0
1765445181220;0;0;0;0;0;0;127;1
1765445182271;0;0;0;0;0;0;128;1
1765445182751;0;0;0;0;0;0;128;0
1765445187791;0;0;0;0;0;0;128;1
1765445188151;0;0;0;0;0;0;128;0
1765445194720;0;0;0;0;0;0;128;1
1765445195791;0;0;0;0;0;0;129;1
1765445196251;0;0;0;0;0;0;129;0
1765445201291;0;0;0;0;0;0;129;1
1765445201651;0;0;0;0;0;0;129;0
1765445208221;0;0;0;0;0;0;129;1
1765445209291;0;0;0;0;0;0;130;1
1765445209751;0;0;0;0;0;0;130;0
1765445214791;0;0;0;0;0;0;130;1
1765445215151;0;0;0;0;0;0;130;0
1765445221721;0;0;0;0;0;0;130;1
1765445222771;0;0;0;0;0;0;131;1
1765445223251;0;0;0;0;0;0;131;0
1765445228311;0;0;0;0;0;0;131;1
1765445228671;0;0;0;0;0;0;131;0
1765445235222;0;0;0;0;0;0;131;1
1765445236291;0;0;0;0;0;0;132;1
1765445236771;0;0;0;0;0;0;132;0
1765445241811;0;0;0;0;0;0;132;1
1765445242171;0;0;0;0;0;0;132;0
1765445248722;0;0;0;0;0;0;132;1
1765445249791;0;0;0;0;0;0;133;1
1765445250271;0;0;0;0;0;0;133;0
1765445255311;0;0;0;0;0;0;133;1
1765445255671;0;0;0;0;0;0;133;0
1765445262223;0;0;0;0;0;0;133;1
1765445263271;0;0;0;0;0;0;134;1
1765445263771;0;0;0;0;0;0;134;0
1765445268811;0;0;0;0;0;0;134;1
1765445269171;0;0;0;0;0;0;134;0
1765445275723;0;0;0;0;0;0;134;1
1765445276791;0;0;0;0;0;0;135;1
1765445277271;0;0;0;0;0;0;135;0
1765445282311;0;0;0;0;0;0;135;1
1765445282671;0;0;0;0;0;0;135;0
1765445289224;0;0;0;0;0;0;135;1
1765445290291;0;0;0;0;0;0;136;1
1765445290771;0;0;0;0;0;0;136;0
1765445295811;0;0;0;0;0;0;136;1
1765445296191;0;0;0;0;0;0;136;0
1765445302724;0;0;0;0;0;0;136;1
1765445303791;0;0;0;0;0;0;137;1
1765445304271;0;0;0;0;0;0;137;0
1765445309311;0;0;0;0;0;0;137;1
1765445309691;0;0;0;0;0;0;137;0
1765445316225;0;0;0;0;0;0;137;1
1765445317271;0;0;0;0;0;0;138;1
1765445317771;0;0;0;0;0;0;138;0
1765445322811;0;0;0;0;0;0;138;1
1765445323191;0;0;0;0;0;0;138;0
1765445329725;0;0;0;0;0;0;138;1
1765445330771;0;0;0;0;0;0;139;1
1765445331271;0;0;0;0;0;0;139;0
1765445336311;0;0;0;0;0;0;139;1
1765445336691;0;0;0;0;0;0;139;0
1765445343226;0;0;0;0;0;0;139;1
1765445344291;0;0;0;0;0;0;140;1
1765445344771;0;0;0;0;0;0;140;0
1765445349811;0;0;0;0;0;0;140;1
1765445350171;0;0;0;0;0;0;140;0
1765445356726;0;0;0;0;0;0;140;1
1765445357771;0;0;0;0;0;0;141;1
1765445358271;0;0;0;0;0;0;141;0
1765445363311;0;0;0;0;0;0;141;1
1765445363671;0;0;0;0;0;0;141;0
1765445370227;0;0;0;0;0;0;141;1
1765445371271;0;0;0;0;0;0;142;1
1765445371771;0;0;0;0;0;0;142;0
1765445376811;0;0;0;0;0;0;142;1
1765445377171;0;0;0;0;0;0;142;0
1765445383727;0;0;0;0;0;0;142;1
1765445384791;0;0;0;0;0;0;143;1
1765445385271;0;0;0;0;0;0;143;0
1765445390311;0;0;0;0;0;0;143;1
1765445390671;0;0;0;0;0;0;143;0
1765445397227;0;0;0;0;0;0;143;1
1765445398251;0;0;0;0;0;0;144;1
1765445398771;0;0;0;0;0;0;144;0
1765445403811;0;0;0;0;0;0;144;1
1765445404191;0;0;0;0;0;0;144;0
1765445410728;0;0;0;0;0;0;144;1
1765445411751;0;0;0;0;0;0;145;1
1765445412271;0;0;0;0;0;0;145;0
1765445417311;0;0;0;0;0;0;145;1
1765445417691;0;0;0;0;0;0;145;0
1765445424229;0;0;0;0;0;0;145;1
1765445425251;0;0;0;0;0;0;146;1
1765445425771;0;0;0;0;0;0;146;0
1765445430811;0;0;0;0;0;0;146;1
1765445431171;0;0;0;0;0;0;146;0
1765445437729;0;0;0;0;0;0;146;1
1765445438771;0;0;0;0;0;0;147;1
1765445439271;0;0;0;0;0;0;147;0
1765445444311;0;0;0;0;0;0;147;1
1765445444671;0;0;0;0;0;0;147;0
1765445451229;0;0;0;0;0;0;147;1
1765445452251;0;0;0;0;0;0;148;1
1765445452771;0;0;0;0;0;0;148;0
1765445457811;0;0;0;0;0;0;148;1
1765445458171;0;0;0;0;0;0;148;0
1765445464730;0;0;0;0;0;0;148;1
1765445465751;0;0;0;0;0;0;149;1
1765445466271;0;0;0;0;0;0;149;0
1765445471311;0;0;0;0;0;0;149;1
1765445471671;0;0;0;0;0;0;149;0
1765445478230;0;0;0;0;0;0;149;1
1765445479271;0;0;0;0;0;0;150;1
1765445479771;0;0;0;0;0;0;150;0
1765445484811;0;0;0;0;0;0;150;1
1765445485171;0;0;0;0;0;0;150;0
1765445491731;0;0;0;0;0;0;150;1
1765445492791;0;0;0;0;0;0;151;1
1765445493271;0;0;0;0;0;0;151;0
1765445498311;0;0;0;0;0;0;151;1
1765445498691;0;0;0;0;0;0;151;0
1765445505231;0;0;0;0;0;0;151;1
1765445506291;0;0;0;0;0;0;152;1
1765445506771;0;0;0;0;0;0;152;0
1765445511811;0;0;0;0;0;0;152;1
1765445512171;0;0;0;0;0;0;152;0
1765445518732;0;0;0;0;0;0;152;1
1765445519791;0;0;0;0;0;0;153;1
1765445520271;0;0;0;0;0;0;153;0
1765445525311;0;0;0;0;0;0;153;1
1765445525671;0;0;0;0;0;0;153;0
1765445532232;0;0;0;0;0;0;153;1
1765445533251;0;0;0;0;0;0;154;1
1765445533771;0;0;0;0;0;0;154;0
1765445538811;0;0;0;0;0;0;154;1
1765445539171;0;0;0;0;0;0;154;0
1765445545733;0;0;0;0;0;0;154;1
1765445546791;0;0;0;0;0;0;155;1
1765445547271;0;0;0;0;0;0;155;0
1765445552311;0;0;0;0;0;0;155;1
1765445552671;0;0;0;0;0;0;155;0
1765445559233;0;0;0;0;0;0;155;1
1765445560271;0;0;0;0;0;0;156;1
1765445560771;0;0;0;0;0;0;156;0
1765445565811;0;0;0;0;0;0;156;1
1765445566171;0;0;0;0;0;0;156;0
1765445572734;0;0;0;0;0;0;156;1
1765445573811;0;0;0;0;0;0;157;1
1765445574271;0;0;0;0;0;0;157;0
1765445579311;0;0;0;0;0;0;157;1
1765445579671;0;0;0;0;0;0;157;0
1765445586234;0;0;0;0;0;0;157;1
1765445587271;0;0;0;0;0;0;158;1
1765445587771;0;0;0;0;0;0;158;0
1765445592811;0;0;0;0;0;0;158;1
1765445593191;0;0;0;0;0;0;158;0
1765445599735;0;0;0;0;0;0;158;1
1765445600791;0;0;0;0;0;0;159;1
1765445601271;0;0;0;0;0;0;159;0
1765445606311;0;0;0;0;0;0;159;1
1765445606671;0;0;0;0;0;0;159;0
1765445613235;0;0;0;0;0;0;159;1
1765445614311;0;0;0;0;0;0;160;1
1765445614771;0;0;0;0;0;0;160;0
1765445619811;0;0;0;0;0;0;160;1
1765445620171;0;0;0;0;0;0;160;0
1765445626736;0;0;0;0;0;0;160;1
1765445627771;0;0;0;0;0;0;161;1
1765445628271;0;0;0;0;0;0;161;0
1765445633311;0;0;0;0;0;0;161;1
1765445633671;0;0;0;0;0;0;161;0
1765445640236;0;0;0;0;0;0;161;1
1765445641271;0;0;0;0;0;0;162;1
1765445641771;0;0;0;0;0;0;162;0
1765445646811;0;0;0;0;0;0;162;1
1765445647171;0;0;0;0;0;0;162;0
1765445653737;0;0;0;0;0;0;162;1
1765445654771;0;0;0;0;0;0;163;1
1765445655271;0;0;0;0;0;0;163;0
1765445660311;0;0;0;0;0;0;163;1
1765445660671;0;0;0;0;0;0;163;0
1765445667237;0;0;0;0;0;0;163;1
1765445668291;0;0;0;0;0;0;164;1
1765445668771;0;0;0;0;0;0;164;0
1765445673811;0;0;0;0;0;0;164;1
1765445674171;0;0;0;0;0;0;164;0
1765445680738;0;0;0;0;0;0;164;1
1765445681811;0;0;0;0;0;0;165;1
1765445682271;0;0;0;0;0;0;165;0
1765445687311;0;0;0;0;0;0;165;1
1765445687671;0;0;0;0;0;0;165;0
1765445694238;0;0;0;0;0;0;165;1
1765445695271;0;0;0;0;0;0;166;1
1765445695771;0;0;0;0;0;0;166;0
1765445700811;0;0;0;0;0;0;166;1
1765445701171;0;0;0;0;0;0;166;0
1765445707739;0;0;0;0;0;0;166;1
1765445708791;0;0;0;0;0;0;167;1
1765445709271;0;0;0;0;0;0;167;0
1765445714311;0;0;0;0;0;0;167;1
1765445714671;0;0;0;0;0;0;167;0
1765445721239;0;0;0;0;0;0;167;1
1765445722291;0;0;0;0;0;0;168;1
1765445722771;0;0;0;0;0;0;168;0
1765445727811;0;0;0;0;0;0;168;1
1765445728191;0;0;0;0;0;0;168;0
1765445734740;0;0;0;0;0;0;168;1
1765445735791;0;0;0;0;0;0;169;1
1765445736271;0;0;0;0;0;0;169;0
1765445741311;0;0;0;0;0;0;169;1
1765445741691;0;0;0;0;0;0;169;0
1765445748240;0;0;0;0;0;0;169;1
1765445749291;0;0;0;0;0;0;170;1
1765445749771;0;0;0;0;0;0;170;0
1765445754811;0;0;0;0;0;0;170;1
1765445755171;0;0;0;0;0;0;170;0
1765445761741;0;0;0;0;0;0;170;1
1765445762811;0;0;0;0;0;0;171;1
1765445763271;0;0;0;0;0;0;171;0
1765445768311;0;0;0;0;0;0;171;1
1765445768671;0;0;0;0;0;0;171;0
1765445775241;0;0;0;0;0;0;171;1
1765445776311;0;0;0;0;0;0;172;1
1765445776771;0;0;0;0;0;0;172;0
1765445781831;0;0;0;0;0;0;172;1
1765445782191;0;0;0;0;0;0;172;0
1765445788742;0;0;0;0;0;0;172;1
1765445789811;0;0;0;0;0;0;173;1
1765445790291;0;0;0;0;0;0;173;0
1765445795331;0;0;0;0;0;0;173;1
1765445795691;0;0;0;0;0;0;173;0
1765445802242;0;0;0;0;0;0;173;1
1765445803311;0;0;0;0;0;0;174;1
1765445803791;0;0;0;0;0;0;174;0
1765445808831;0;0;0;0;0;0;174;1
1765445809191;0;0;0;0;0;0;174;0
1765445815743;0;0;0;0;0;0;174;1
1765445816811;0;0;0;0;0;0;175;1
1765445817291;0;0;0;0;0;0;175;0
1765445822331;0;0;0;0;0;0;175;1
1765445822691;0;0;0;0;0;0;175;0
1765445829243;0;0;0;0;0;0;175;1
1765445830311;0;0;0;0;0;0;176;1
1765445830791;0;0;0;0;0;0;176;0
1765445835831;0;0;0;0;0;0;176;1
1765445836211;0;0;0;0;0;0;176;0
1765445842743;0;0;0;0;0;0;176;1
1765445843831;0;0;0;0;0;0;177;1
1765445844291;0;0;0;0;0;0;177;0
1765445849331;0;0;0;0;0;0;177;1
1765445849691;0;0;0;0;0;0;177;0
1765445856244;0;0;0;0;0;0;177;1
1765445857291;0;0;0;0;0;0;178;1
1765445857791;0;0;0;0;0;0;1